<?xml version="1.0" encoding="utf-8"?>
<testsuite errors="0" failures="0" name="unittest.suite.TestSuite" tests="1" time="29.091"><testcase classname="rostest.runner.RosTest" name="testtest_node_empty_map" time="29.0884" /><system-out>&lt;![CDATA[
[ROSTEST]setup[/home/pi/catkin_ws/src/clever/aruco_pose/test/test_parser_empty_map.test] run_id[4d971ade-d7d2-11e9-bebe-0242ac110002] starting
&amp;#x001B;[1mstarted roslaunch server http://127.0.0.1:36836/&amp;#x001B;[0m

SUMMARY
========

CLEAR PARAMETERS
 * /aruco_map/

PARAMETERS
 * /aruco_map/map: /home/pi/catkin_w...
 * /aruco_map/type: map
 * /rosdistro: kinetic
 * /rosversion: 1.12.14
 * /test_module: /home/pi/catkin_w...

NODES
  /
    aruco_map (nodelet/nodelet)
    nodelet_manager (nodelet/nodelet)

[ROSTEST]setup[/home/pi/catkin_ws/src/clever/aruco_pose/test/test_parser_empty_map.test] run_id[4d971ade-d7d2-11e9-bebe-0242ac110002] done
[ROSTEST]Running test [test_node_empty_map]
&amp;#x001B;[1mROS_MASTER_URI=http://127.0.0.1:40294/&amp;#x001B;[0m
&amp;#x001B;[1msetting /run_id to 4d971ade-d7d2-11e9-bebe-0242ac110002&amp;#x001B;[0m
&amp;#x001B;[1mprocess[nodelet_manager-1]: started with pid [31908]&amp;#x001B;[0m
&amp;#x001B;[1mprocess[aruco_map-2]: started with pid [31913]&amp;#x001B;[0m
[ROSTEST]running test test_node_empty_map
&amp;#x001B;[1mprocess[test_node_empty_map-3]: started with pid [31936]&amp;#x001B;[0m
&amp;#x001B;[1m[test_node_empty_map-3] process has finished cleanly
log file: /root/.ros/log/4d971ade-d7d2-11e9-bebe-0242ac110002/test_node_empty_map-3*.log&amp;#x001B;[0m
[ROSTEST]test [test_node_empty_map] finished
[ROSTEST]test [test_node_empty_map] results are in [/home/pi/catkin_ws/build/test_results/aruco_pose/rosunit-test_node_empty_map.xml]
[ROSTEST]test [test_node_empty_map] results summary: 0 errors, 0 failures, 1 tests
[ROSTEST][ROSTEST] test [test_node_empty_map] done
[ROSTEST]tearDown[/home/pi/catkin_ws/src/clever/aruco_pose/test/test_parser_empty_map.test]
shutting down processing monitor...
[aruco_map-2] killing on exit
[nodelet_manager-1] killing on exit
... shutting down processing monitor complete
[ROSTEST]rostest teardown /home/pi/catkin_ws/src/clever/aruco_pose/test/test_parser_empty_map.test complete

]]&gt;</system-out><system-err>&lt;![CDATA[

]]&gt;</system-err></testsuite>