<?xml version="1.0" encoding="utf-8"?><testsuite errors="0" failures="0" name="pytest" skips="0" tests="10" time="9.478"><testcase classname="basic" file="basic.py" line="24" name="test_markers" time="1.14609599113"></testcase><testcase classname="basic" file="basic.py" line="88" name="test_markers_frames" time="0.410637140274"></testcase><testcase classname="basic" file="basic.py" line="98" name="test_map_markers_frames" time="0.0483601093292"></testcase><testcase classname="basic" file="basic.py" line="117" name="test_visualization" time="0.33399605751"></testcase><testcase classname="basic" file="basic.py" line="121" name="test_debug" time="0.230651855469"></testcase><testcase classname="basic" file="basic.py" line="127" name="test_map" time="0.211350917816"></testcase><testcase classname="basic" file="basic.py" line="138" name="test_map_image" time="0.259195804596"></testcase><testcase classname="basic" file="basic.py" line="144" name="test_map_markers" time="0.219907999039"></testcase><testcase classname="basic" file="basic.py" line="199" name="test_map_visualization" time="0.158581256866"></testcase><testcase classname="basic" file="basic.py" line="202" name="test_map_debug" time="0.298408031464"></testcase></testsuite>